<?xml version="1.0" encoding="UTF-8"?>
<!-- Generated by org.testng.reporters.JUnitXMLReporter -->
<testsuite hostname="pay1lap-71-PC" name="Four" tests="3" failures="0" timestamp="16 May 2017 21:49:52 GMT" time="24.652" errors="0">
  <testcase name="myProfile" time="1.685" classname="pay1_distributor.MyProfile"/>
  <testcase name="changePassword" time="5.008" classname="pay1_distributor.MyProfile"/>
  <testcase name="limits" time="17.92" classname="pay1_distributor.MyProfile">
    <skipped/>
  </testcase> <!-- limits -->
</testsuite> <!-- Four -->
