<?xml version="1.0" encoding="UTF-8"?>
<testng-results skipped="0" failed="0" total="2" passed="2">
  <reporter-output>
  </reporter-output>
  <suite name="Default suite" duration-ms="81129" started-at="2016-06-12T21:07:43Z" finished-at="2016-06-12T21:09:04Z">
    <groups>
    </groups>
    <test name="Default test" duration-ms="81129" started-at="2016-06-12T21:07:43Z" finished-at="2016-06-12T21:09:04Z">
      <class name="pa_bvt.Create_Comp">
        <test-method status="PASS" signature="Signin()[pri:0, instance:pa_bvt.Create_Comp@59662a0b]" name="Signin" is-config="true" duration-ms="12397" started-at="2016-06-13T02:37:43Z" finished-at="2016-06-13T02:37:55Z">
          <reporter-output>
          </reporter-output>
        </test-method> <!-- Signin -->
        <test-method status="PASS" signature="CreateComposite()[pri:1, instance:pa_bvt.Create_Comp@59662a0b]" name="CreateComposite" duration-ms="27278" started-at="2016-06-13T02:37:55Z" finished-at="2016-06-13T02:38:22Z">
          <reporter-output>
          </reporter-output>
        </test-method> <!-- CreateComposite -->
        <test-method status="PASS" signature="teardown(org.testng.ITestResult)[pri:0, instance:pa_bvt.Create_Comp@59662a0b]" name="teardown" is-config="true" duration-ms="1" started-at="2016-06-13T02:38:22Z" finished-at="2016-06-13T02:38:22Z">
          <params>
            <param index="0">
              <value>
                <![CDATA[[TestResult name=CreateComposite status=SUCCESS method=Create_Comp.CreateComposite()[pri:1, instance:pa_bvt.Create_Comp@59662a0b] output={null}]]]>
              </value>
            </param>
          </params>
          <reporter-output>
          </reporter-output>
        </test-method> <!-- teardown -->
        <test-method status="PASS" signature="Addconstituents()[pri:2, instance:pa_bvt.Create_Comp@59662a0b]" name="Addconstituents" duration-ms="40435" started-at="2016-06-13T02:38:22Z" finished-at="2016-06-13T02:39:03Z">
          <reporter-output>
          </reporter-output>
        </test-method> <!-- Addconstituents -->
        <test-method status="PASS" signature="teardown(org.testng.ITestResult)[pri:0, instance:pa_bvt.Create_Comp@59662a0b]" name="teardown" is-config="true" duration-ms="1" started-at="2016-06-13T02:39:03Z" finished-at="2016-06-13T02:39:03Z">
          <params>
            <param index="0">
              <value>
                <![CDATA[[TestResult name=Addconstituents status=SUCCESS method=Create_Comp.Addconstituents()[pri:2, instance:pa_bvt.Create_Comp@59662a0b] output={null}]]]>
              </value>
            </param>
          </params>
          <reporter-output>
          </reporter-output>
        </test-method> <!-- teardown -->
        <test-method status="PASS" signature="AfterClass()[pri:0, instance:pa_bvt.Create_Comp@59662a0b]" name="AfterClass" is-config="true" duration-ms="1005" started-at="2016-06-13T02:39:03Z" finished-at="2016-06-13T02:39:04Z">
          <reporter-output>
          </reporter-output>
        </test-method> <!-- AfterClass -->
      </class> <!-- pa_bvt.Create_Comp -->
    </test> <!-- Default test -->
  </suite> <!-- Default suite -->
</testng-results>
